<?xml version="1.0" encoding="UTF-8"?>
<!-- Generated by org.testng.reporters.JUnitXMLReporter -->
<testsuite hostname="DESKTOP-8URQJRQ" ignored="0" name="Test" tests="4" failures="1" timestamp="2021-07-25T04:31:25 PDT" time="1.544" errors="0">
  <testcase name="Login" time="1.161" classname="com.Tests.LoginTest"/>
  <testcase name="Test02" time="0.004" classname="com.Tests.LoginTest">
    <skipped/>
  </testcase> <!-- Test02 -->
  <testcase name="Test02" time="0.004" classname="com.Tests.LoginTest">
    <skipped/>
  </testcase> <!-- Test02 -->
  <testcase name="Test02" time="0.003" classname="com.Tests.LoginTest">
    <failure type="java.lang.AssertionError">
      <![CDATA[java.lang.AssertionError
at org.junit.Assert.fail(Assert.java:86)
at org.junit.Assert.assertTrue(Assert.java:41)
at org.junit.Assert.assertTrue(Assert.java:52)
at com.Tests.LoginTest.Test02(LoginTest.java:29)
at java.util.ArrayList.forEach(ArrayList.java:1259)
... Removed 27 stack frames]]>
    </failure>
  </testcase> <!-- Test02 -->
</testsuite> <!-- Test -->
